<?xml version="1.0" encoding="UTF-8"?>
<!-- Generated by org.testng.reporters.JUnitReportReporter -->
<testsuite hostname="DESKTOP-5IK2IB9" failures="0" tests="1" name="Session8.SerializationAndDeserialization" time="2.080" errors="0" timestamp="2023-12-07T12:03:51 IST" skipped="0">
  <testcase classname="Session8.SerializationAndDeserialization" name="CreateJSONObjectFromEmployeeClassObject" time="2.080"/>
</testsuite> <!-- Session8.SerializationAndDeserialization -->
