<?xml version="1.0" encoding="UTF-8"?>
<!-- Generated by org.testng.reporters.JUnitReportReporter -->
<testsuite hostname="DESKTOP-5IK2IB9" failures="0" tests="5" name="Session15.AddhHeaderRequestDemo" time="3.381" errors="0" timestamp="2023-12-19T12:28:16 IST" skipped="0">
  <testcase classname="Session15.AddhHeaderRequestDemo" name="test1" time="1.558"/>
  <testcase classname="Session15.AddhHeaderRequestDemo" name="test2" time="0.311"/>
  <testcase classname="Session15.AddhHeaderRequestDemo" name="test3" time="0.114"/>
  <testcase classname="Session15.AddhHeaderRequestDemo" name="test4" time="0.001"/>
  <testcase classname="Session15.AddhHeaderRequestDemo" name="test5" time="1.397"/>
</testsuite> <!-- Session15.AddhHeaderRequestDemo -->
