<?xml version="1.0" encoding="UTF-8"?>
<!-- Generated by org.testng.reporters.JUnitReportReporter -->
<testsuite hostname="DESKTOP-5IK2IB9" failures="0" tests="1" name="Session11.DemoComplexNestedJSONObject" time="2.933" errors="0" timestamp="2023-12-15T13:18:38 IST" skipped="0">
  <testcase classname="Session11.DemoComplexNestedJSONObject" name="createUser" time="2.933"/>
</testsuite> <!-- Session11.DemoComplexNestedJSONObject -->
