<?xml version="1.0" encoding="UTF-8"?>
<!-- Generated by org.testng.reporters.JUnitReportReporter -->
<testsuite hostname="DESKTOP-5IK2IB9" failures="0" tests="1" name="Session10.DemoNestedJSONPayload" time="2.728" errors="0" timestamp="2023-12-15T10:56:01 IST" skipped="0">
  <testcase classname="Session10.DemoNestedJSONPayload" name="createUser" time="2.728"/>
</testsuite> <!-- Session10.DemoNestedJSONPayload -->
