<?xml version="1.0" encoding="UTF-8"?>
<!-- Generated by org.testng.reporters.JUnitReportReporter -->
<testsuite hostname="DESKTOP-5IK2IB9" failures="0" tests="1" name="Session12.DemoJsonInclude" time="0.358" errors="0" timestamp="2023-12-15T16:42:34 IST" skipped="0">
  <testcase classname="Session12.DemoJsonInclude" name="testMethod1" time="0.358"/>
</testsuite> <!-- Session12.DemoJsonInclude -->
