<?xml version="1.0" encoding="UTF-8"?>
<!-- Generated by org.testng.reporters.JUnitReportReporter -->
<testsuite hostname="DESKTOP-5IK2IB9" failures="0" tests="1" name="Session2.QueryRequestSpecification" time="0.466" errors="0" timestamp="2023-12-05T15:58:21 IST" skipped="0">
  <testcase classname="Session2.QueryRequestSpecification" name="createUser" time="0.466"/>
</testsuite> <!-- Session2.QueryRequestSpecification -->
