<?xml version="1.0" encoding="UTF-8"?>
<!-- Generated by org.testng.reporters.JUnitReportReporter -->
<testsuite hostname="DESKTOP-5IK2IB9" failures="0" tests="2" name="Session5.JSONArrayDemo" time="2.407" errors="0" timestamp="2023-12-06T15:03:25 IST" skipped="0">
  <testcase classname="Session5.JSONArrayDemo" name="createUserUsingJSONObject" time="2.045"/>
  <testcase classname="Session5.JSONArrayDemo" name="createUserUsingList" time="0.362"/>
</testsuite> <!-- Session5.JSONArrayDemo -->
