<?xml version="1.0" encoding="UTF-8"?>
<!-- Generated by org.testng.reporters.JUnitReportReporter -->
<testsuite hostname="DESKTOP-5IK2IB9" failures="0" tests="1" name="Session6.JSONObjectUsingJacksonAPI" time="2.313" errors="0" timestamp="2023-12-06T18:03:45 IST" skipped="0">
  <testcase classname="Session6.JSONObjectUsingJacksonAPI" name="createUser" time="2.313"/>
</testsuite> <!-- Session6.JSONObjectUsingJacksonAPI -->
