<?xml version="1.0" encoding="UTF-8"?>
<!-- Generated by org.testng.reporters.JUnitReportReporter -->
<testsuite hostname="DESKTOP-5IK2IB9" failures="0" tests="1" name="Session13.DemoJSONIgnore" time="0.255" errors="0" timestamp="2023-12-15T18:02:17 IST" skipped="0">
  <testcase classname="Session13.DemoJSONIgnore" name="testMethod1" time="0.255"/>
</testsuite> <!-- Session13.DemoJSONIgnore -->
