<?xml version="1.0" encoding="UTF-8"?>
<!-- Generated by org.testng.reporters.JUnitReportReporter -->
<testsuite hostname="DESKTOP-5IK2IB9" failures="0" tests="2" name="Session7.FileUploadTest" time="3.749" errors="0" timestamp="2023-12-06T19:04:18 IST" skipped="0">
  <testcase classname="Session7.FileUploadTest" name="uploadFile" time="2.272"/>
  <testcase classname="Session7.FileUploadTest" name="uploadfile2" time="1.477"/>
</testsuite> <!-- Session7.FileUploadTest -->
