<?xml version="1.0" encoding="UTF-8"?>
<!-- Generated by org.testng.reporters.JUnitReportReporter -->
<testsuite hostname="DESKTOP-5IK2IB9" failures="0" tests="1" name="Session14.DemoTest" time="1.704" errors="0" timestamp="2023-12-18T19:10:33 IST" skipped="0">
  <testcase classname="Session14.DemoTest" name="test1" time="1.704"/>
</testsuite> <!-- Session14.DemoTest -->
