<?xml version="1.0" encoding="UTF-8"?>
<!-- Generated by org.testng.reporters.JUnitReportReporter -->
<testsuite hostname="DESKTOP-5IK2IB9" failures="0" tests="2" name="Session4.JsonObjectUsingJavaMapDemo" time="2.171" errors="0" timestamp="2023-12-06T12:15:32 IST" skipped="1">
  <testcase classname="Session4.JsonObjectUsingJavaMapDemo" name="createUser" time="2.171"/>
  <testcase classname="Session4.JsonObjectUsingJavaMapDemo" name="createAuthToken">
    <skipped/>
  </testcase> <!-- createAuthToken -->
</testsuite> <!-- Session4.JsonObjectUsingJavaMapDemo -->
